0 verbose cli [
0 verbose cli   '/home/ubuntu/.nvm/versions/node/v16.15.0/bin/node',
0 verbose cli   '/home/ubuntu/.nvm/versions/node/v16.15.0/bin/npm',
0 verbose cli   'config',
0 verbose cli   'set',
0 verbose cli   'strict-ssl',
0 verbose cli   'true'
0 verbose cli ]
1 info using npm@8.5.5
2 info using node@v16.15.0
3 timing npm:load:whichnode Completed in 0ms
4 timing config:load:defaults Completed in 2ms
5 timing config:load:file:/home/ubuntu/.nvm/versions/node/v16.15.0/lib/node_modules/npm/npmrc Completed in 0ms
6 timing config:load:builtin Completed in 1ms
7 timing config:load:cli Completed in 3ms
8 timing config:load:env Completed in 1ms
9 timing config:load:project Completed in 14ms
10 timing config:load:file:/home/ubuntu/.npmrc Completed in 0ms
11 timing config:load:user Completed in 0ms
12 timing config:load:file:/home/ubuntu/.nvm/versions/node/v16.15.0/etc/npmrc Completed in 1ms
13 timing config:load:global Completed in 1ms
14 timing config:load:validate Completed in 0ms
15 timing config:load:credentials Completed in 0ms
16 timing config:load:setEnvs Completed in 0ms
17 timing config:load Completed in 23ms
18 timing npm:load:configload Completed in 23ms
19 timing npm:load:setTitle Completed in 1ms
20 timing config:load:flatten Completed in 2ms
21 timing npm:load:display Completed in 3ms
22 verbose logfile /home/ubuntu/.npm/_logs/2022-04-28T13_57_50_365Z-debug-0.log
23 timing npm:load:logFile Completed in 3ms
24 timing npm:load:timers Completed in 0ms
25 timing npm:load:configScope Completed in 0ms
26 timing npm:load Completed in 30ms
27 info config set "strict-ssl" "true"
28 timing config:load:flatten Completed in 0ms
29 timing command:config Completed in 4ms
30 verbose exit 0
31 timing npm Completed in 150ms
32 info ok
