0 verbose cli [
0 verbose cli   '/home/ubuntu/.nvm/versions/node/v16.15.0/bin/node',
0 verbose cli   '/home/ubuntu/.nvm/versions/node/v16.15.0/bin/npm',
0 verbose cli   'install',
0 verbose cli   '-g',
0 verbose cli   'coffeescript'
0 verbose cli ]
1 info using npm@8.5.5
2 info using node@v16.15.0
3 timing npm:load:whichnode Completed in 0ms
4 timing config:load:defaults Completed in 1ms
5 timing config:load:file:/home/ubuntu/.nvm/versions/node/v16.15.0/lib/node_modules/npm/npmrc Completed in 0ms
6 timing config:load:builtin Completed in 0ms
7 timing config:load:cli Completed in 4ms
8 timing config:load:env Completed in 1ms
9 timing config:load:project Completed in 12ms
10 timing config:load:file:/home/ubuntu/.npmrc Completed in 0ms
11 timing config:load:user Completed in 0ms
12 timing config:load:file:/home/ubuntu/.nvm/versions/node/v16.15.0/etc/npmrc Completed in 0ms
13 timing config:load:global Completed in 1ms
14 timing config:load:validate Completed in 0ms
15 timing config:load:credentials Completed in 1ms
16 timing config:load:setEnvs Completed in 1ms
17 timing config:load Completed in 22ms
18 timing npm:load:configload Completed in 22ms
19 timing npm:load:setTitle Completed in 0ms
20 timing config:load:flatten Completed in 3ms
21 timing npm:load:display Completed in 3ms
22 verbose logfile /home/ubuntu/.npm/_logs/2022-04-28T13_51_11_834Z-debug-0.log
23 timing npm:load:logFile Completed in 4ms
24 timing npm:load:timers Completed in 0ms
25 timing npm:load:configScope Completed in 0ms
26 timing npm:load Completed in 30ms
27 timing arborist:ctor Completed in 1ms
28 timing idealTree:init Completed in 3ms
29 timing idealTree:userRequests Completed in 1ms
30 silly idealTree buildDeps
31 silly fetch manifest coffeescript@*
32 http fetch GET 200 https://registry.npmjs.org/coffeescript 73ms (cache miss)
33 silly placeDep ROOT coffeescript@2.7.0 OK for:  want: *
34 timing idealTree:#root Completed in 81ms
35 timing idealTree:node_modules/coffeescript Completed in 0ms
36 timing idealTree:buildDeps Completed in 82ms
37 timing idealTree:fixDepFlags Completed in 0ms
38 timing idealTree Completed in 89ms
39 timing reify:loadTrees Completed in 91ms
40 timing reify:diffTrees Completed in 1ms
41 silly reify moves {}
42 timing reify:retireShallow Completed in 0ms
43 timing reify:createSparse Completed in 1ms
44 timing reify:loadBundles Completed in 0ms
45 silly audit bulk request { coffeescript: [ '2.7.0' ] }
46 silly tarball no local data for coffeescript@https://registry.npmjs.org/coffeescript/-/coffeescript-2.7.0.tgz. Extracting by manifest.
47 http fetch POST 200 https://registry.npmjs.org/-/npm/v1/security/advisories/bulk 57ms
48 timing auditReport:getReport Completed in 58ms
49 silly audit report {}
50 timing auditReport:init Completed in 0ms
51 timing reify:audit Completed in 58ms
52 http fetch GET 200 https://registry.npmjs.org/npm 222ms (cache miss)
53 http fetch GET 200 https://registry.npmjs.org/coffeescript/-/coffeescript-2.7.0.tgz 151ms (cache miss)
54 timing reifyNode:node_modules/coffeescript Completed in 157ms
55 timing reify:unpack Completed in 158ms
56 timing reify:unretire Completed in 0ms
57 timing build:queue Completed in 1ms
58 timing build:link:node_modules/coffeescript Completed in 1ms
59 timing build:link Completed in 1ms
60 timing build:deps Completed in 3ms
61 timing build Completed in 3ms
62 timing reify:build Completed in 3ms
63 timing reify:trash Completed in 0ms
64 timing reify Completed in 284ms
65 silly ADD node_modules/coffeescript
66 timing command:install Completed in 288ms
67 notice
67 notice New minor version of npm available! 8.5.5 -> 8.8.0
67 notice Changelog: <https://github.com/npm/cli/releases/tag/v8.8.0>
67 notice Run `npm install -g npm@8.8.0` to update!
67 notice
68 verbose exit 0
69 timing npm Completed in 501ms
70 info ok
