0 verbose cli [
0 verbose cli   '/home/ubuntu/.nvm/versions/node/v16.15.0/bin/node',
0 verbose cli   '/home/ubuntu/.nvm/versions/node/v16.15.0/bin/npm',
0 verbose cli   'install',
0 verbose cli   '-g',
0 verbose cli   'typescript@3.7.5'
0 verbose cli ]
1 info using npm@8.5.5
2 info using node@v16.15.0
3 timing npm:load:whichnode Completed in 1ms
4 timing config:load:defaults Completed in 3ms
5 timing config:load:file:/home/ubuntu/.nvm/versions/node/v16.15.0/lib/node_modules/npm/npmrc Completed in 1ms
6 timing config:load:builtin Completed in 1ms
7 timing config:load:cli Completed in 2ms
8 timing config:load:env Completed in 0ms
9 timing config:load:project Completed in 15ms
10 timing config:load:file:/home/ubuntu/.npmrc Completed in 0ms
11 timing config:load:user Completed in 1ms
12 timing config:load:file:/home/ubuntu/.nvm/versions/node/v16.15.0/etc/npmrc Completed in 0ms
13 timing config:load:global Completed in 0ms
14 timing config:load:validate Completed in 0ms
15 timing config:load:credentials Completed in 1ms
16 timing config:load:setEnvs Completed in 1ms
17 timing config:load Completed in 24ms
18 timing npm:load:configload Completed in 24ms
19 timing npm:load:setTitle Completed in 0ms
20 timing config:load:flatten Completed in 2ms
21 timing npm:load:display Completed in 3ms
22 verbose logfile /home/ubuntu/.npm/_logs/2022-04-28T13_51_18_771Z-debug-0.log
23 timing npm:load:logFile Completed in 4ms
24 timing npm:load:timers Completed in 0ms
25 timing npm:load:configScope Completed in 0ms
26 timing npm:load Completed in 32ms
27 timing arborist:ctor Completed in 1ms
28 timing idealTree:init Completed in 5ms
29 timing idealTree:userRequests Completed in 3ms
30 silly idealTree buildDeps
31 silly fetch manifest typescript@3.7.5
32 http fetch GET 200 https://registry.npmjs.org/typescript 195ms (cache miss)
33 silly placeDep ROOT typescript@3.7.5 OK for:  want: 3.7.5
34 timing idealTree:#root Completed in 235ms
35 timing idealTree:node_modules/typescript Completed in 0ms
36 timing idealTree:buildDeps Completed in 236ms
37 timing idealTree:fixDepFlags Completed in 0ms
38 timing idealTree Completed in 246ms
39 timing reify:loadTrees Completed in 251ms
40 timing reify:diffTrees Completed in 0ms
41 silly reify moves {}
42 timing reify:retireShallow Completed in 0ms
43 timing reify:createSparse Completed in 0ms
44 timing reify:loadBundles Completed in 0ms
45 silly audit bulk request { typescript: [ '3.7.5' ] }
46 silly tarball no local data for typescript@https://registry.npmjs.org/typescript/-/typescript-3.7.5.tgz. Extracting by manifest.
47 http fetch POST 200 https://registry.npmjs.org/-/npm/v1/security/advisories/bulk 61ms
48 timing auditReport:getReport Completed in 61ms
49 silly audit report {}
50 timing auditReport:init Completed in 0ms
51 timing reify:audit Completed in 62ms
52 http fetch GET 200 https://registry.npmjs.org/typescript/-/typescript-3.7.5.tgz 742ms (cache miss)
53 timing reifyNode:node_modules/typescript Completed in 749ms
54 timing reify:unpack Completed in 749ms
55 timing reify:unretire Completed in 0ms
56 timing build:queue Completed in 1ms
57 timing build:link:node_modules/typescript Completed in 2ms
58 timing build:link Completed in 2ms
59 timing build:deps Completed in 3ms
60 timing build Completed in 3ms
61 timing reify:build Completed in 3ms
62 timing reify:trash Completed in 0ms
63 timing reify Completed in 1012ms
64 silly ADD node_modules/typescript
65 timing command:install Completed in 1017ms
66 verbose exit 0
67 timing npm Completed in 1228ms
68 info ok
