0 verbose cli [
0 verbose cli   '/home/ubuntu/.nvm/versions/node/v16.15.0/bin/node',
0 verbose cli   '/home/ubuntu/.nvm/versions/node/v16.15.0/bin/npm',
0 verbose cli   'install',
0 verbose cli   'tmp@0.0.33',
0 verbose cli   'node-cleanup@2.1.2'
0 verbose cli ]
1 info using npm@8.5.5
2 info using node@v16.15.0
3 timing npm:load:whichnode Completed in 0ms
4 timing config:load:defaults Completed in 2ms
5 timing config:load:file:/home/ubuntu/.nvm/versions/node/v16.15.0/lib/node_modules/npm/npmrc Completed in 0ms
6 timing config:load:builtin Completed in 1ms
7 timing config:load:cli Completed in 1ms
8 timing config:load:env Completed in 0ms
9 timing config:load:project Completed in 14ms
10 timing config:load:file:/home/ubuntu/.npmrc Completed in 1ms
11 timing config:load:user Completed in 1ms
12 timing config:load:file:/home/ubuntu/.nvm/versions/node/v16.15.0/etc/npmrc Completed in 0ms
13 timing config:load:global Completed in 0ms
14 timing config:load:validate Completed in 1ms
15 timing config:load:credentials Completed in 0ms
16 timing config:load:setEnvs Completed in 1ms
17 timing config:load Completed in 22ms
18 timing npm:load:configload Completed in 22ms
19 timing npm:load:setTitle Completed in 1ms
20 timing config:load:flatten Completed in 2ms
21 timing npm:load:display Completed in 2ms
22 verbose logfile /home/ubuntu/.npm/_logs/2022-04-28T14_00_29_259Z-debug-0.log
23 timing npm:load:logFile Completed in 4ms
24 timing npm:load:timers Completed in 0ms
25 timing npm:load:configScope Completed in 0ms
26 timing npm:load Completed in 29ms
27 timing arborist:ctor Completed in 1ms
28 timing arborist:ctor Completed in 0ms
29 timing idealTree:init Completed in 9ms
30 timing idealTree:userRequests Completed in 3ms
31 silly idealTree buildDeps
32 silly fetch manifest tmp@0.0.33
33 http fetch GET 200 https://registry.npmjs.org/tmp 98ms (cache miss)
34 silly fetch manifest node-cleanup@2.1.2
35 http fetch GET 200 https://registry.npmjs.org/node-cleanup 27ms (cache miss)
36 silly placeDep ROOT node-cleanup@2.1.2 OK for:  want: 2.1.2
37 silly placeDep ROOT tmp@0.0.33 OK for:  want: 0.0.33
38 silly fetch manifest os-tmpdir@~1.0.2
39 http fetch GET 200 https://registry.npmjs.org/os-tmpdir 32ms (cache miss)
40 timing idealTree:#root Completed in 170ms
41 timing idealTree:node_modules/node-cleanup Completed in 0ms
42 silly placeDep ROOT os-tmpdir@1.0.2 OK for: tmp@0.0.33 want: ~1.0.2
43 timing idealTree:node_modules/tmp Completed in 1ms
44 timing idealTree:node_modules/os-tmpdir Completed in 0ms
45 timing idealTree:buildDeps Completed in 174ms
46 timing idealTree:fixDepFlags Completed in 0ms
47 timing idealTree Completed in 188ms
48 timing reify:loadTrees Completed in 188ms
49 timing reify:diffTrees Completed in 1ms
50 silly reify moves {}
51 timing reify:retireShallow Completed in 0ms
52 timing reify:createSparse Completed in 1ms
53 timing reify:loadBundles Completed in 0ms
54 silly audit bulk request {
54 silly audit   'node-cleanup': [ '2.1.2' ],
54 silly audit   tmp: [ '0.0.33' ],
54 silly audit   'os-tmpdir': [ '1.0.2' ]
54 silly audit }
55 silly tarball no local data for os-tmpdir@https://registry.npmjs.org/os-tmpdir/-/os-tmpdir-1.0.2.tgz. Extracting by manifest.
56 silly tarball no local data for tmp@https://registry.npmjs.org/tmp/-/tmp-0.0.33.tgz. Extracting by manifest.
57 silly tarball no local data for node-cleanup@https://registry.npmjs.org/node-cleanup/-/node-cleanup-2.1.2.tgz. Extracting by manifest.
58 http fetch POST 200 https://registry.npmjs.org/-/npm/v1/security/advisories/bulk 52ms
59 timing auditReport:getReport Completed in 52ms
60 silly audit report {}
61 timing auditReport:init Completed in 0ms
62 timing reify:audit Completed in 53ms
63 http fetch GET 200 https://registry.npmjs.org/os-tmpdir/-/os-tmpdir-1.0.2.tgz 96ms (cache miss)
64 timing reifyNode:node_modules/os-tmpdir Completed in 103ms
65 http fetch GET 200 https://registry.npmjs.org/tmp/-/tmp-0.0.33.tgz 95ms (cache miss)
66 timing reifyNode:node_modules/tmp Completed in 108ms
67 http fetch GET 200 https://registry.npmjs.org/node-cleanup/-/node-cleanup-2.1.2.tgz 100ms (cache miss)
68 timing reifyNode:node_modules/node-cleanup Completed in 116ms
69 timing reify:unpack Completed in 116ms
70 timing reify:unretire Completed in 0ms
71 timing build:queue Completed in 0ms
72 timing build:deps Completed in 0ms
73 timing build Completed in 1ms
74 timing reify:build Completed in 1ms
75 timing reify:trash Completed in 0ms
76 timing reify:save Completed in 4ms
77 timing reify Completed in 319ms
78 silly ADD node_modules/os-tmpdir
79 silly ADD node_modules/tmp
80 silly ADD node_modules/node-cleanup
81 timing command:install Completed in 323ms
82 verbose exit 0
83 timing npm Completed in 536ms
84 info ok
